The system is: Linux - 3.16.0-30-generic - x86_64
Compiling the C compiler identification source file "CMakeCCompilerId.c" succeeded.
Compiler: /opt/poky/1.7.3/sysroots/x86_64-pokysdk-linux/usr/bin/arm-linux-gnueabihf-gcc -march=armv7-a;-mthumb-interwork;-mfloat-abi=hard;-mtune=cortex-a7;--sysroot=/opt/poky/1.7.3/sysroots/cortexa7hf-vfp-poky-linux-gnueabi
Build flags: ;-isystem/opt/poky/1.7.3/sysroots/cortexa7hf-vfp-poky-linux-gnueabi/usr/include;-O2;-pipe;-g;-feliminate-unused-debug-types
Id flags: 

The output was:
0


Compilation of the C compiler identification source "CMakeCCompilerId.c" produced "a.out"

The C compiler identification is GNU, found in "/mnt/share/aux_av_in/hal_zjc/svn-co/source/aux_in_status_check/build/CMakeFiles/2.8.12.2/CompilerIdC/a.out"

Compiling the CXX compiler identification source file "CMakeCXXCompilerId.cpp" succeeded.
Compiler: /opt/poky/1.7.3/sysroots/x86_64-pokysdk-linux/usr/bin/arm-linux-gnueabihf-g++ -march=armv7-a;-mthumb-interwork;-mfloat-abi=hard;-mtune=cortex-a7;--sysroot=/opt/poky/1.7.3/sysroots/cortexa7hf-vfp-poky-linux-gnueabi
Build flags: ;-isystem/opt/poky/1.7.3/sysroots/cortexa7hf-vfp-poky-linux-gnueabi/usr/include/c++/4.9.2/arm-linux-gnueabihf;-isystem/opt/poky/1.7.3/sysroots/cortexa7hf-vfp-poky-linux-gnueabi/usr/include/c++/4.9.2;-isystem/opt/poky/1.7.3/sysroots/cortexa7hf-vfp-poky-linux-gnueabi/usr/include;-O2;-pipe;-g;-feliminate-unused-debug-types
Id flags: 

The output was:
0


Compilation of the CXX compiler identification source "CMakeCXXCompilerId.cpp" produced "a.out"

The CXX compiler identification is GNU, found in "/mnt/share/aux_av_in/hal_zjc/svn-co/source/aux_in_status_check/build/CMakeFiles/2.8.12.2/CompilerIdCXX/a.out"

Determining if the C compiler works passed with the following output:
Change Dir: /mnt/share/aux_av_in/hal_zjc/svn-co/source/aux_in_status_check/build/CMakeFiles/CMakeTmp

Run Build Command:/usr/bin/make "cmTryCompileExec3348446242/fast"
/usr/bin/make -f CMakeFiles/cmTryCompileExec3348446242.dir/build.make CMakeFiles/cmTryCompileExec3348446242.dir/build
make[1]: 正在进入目录 `/mnt/share/aux_av_in/hal_zjc/svn-co/source/aux_in_status_check/build/CMakeFiles/CMakeTmp'
/usr/bin/cmake -E cmake_progress_report /mnt/share/aux_av_in/hal_zjc/svn-co/source/aux_in_status_check/build/CMakeFiles/CMakeTmp/CMakeFiles 1
Building C object CMakeFiles/cmTryCompileExec3348446242.dir/testCCompiler.c.o
/opt/poky/1.7.3/sysroots/x86_64-pokysdk-linux/usr/bin/arm-linux-gnueabihf-gcc   -march=armv7-a -mthumb-interwork -mfloat-abi=hard -mtune=cortex-a7 --sysroot=/opt/poky/1.7.3/sysroots/cortexa7hf-vfp-poky-linux-gnueabi  -isystem/opt/poky/1.7.3/sysroots/cortexa7hf-vfp-poky-linux-gnueabi/usr/include -O2 -pipe -g -feliminate-unused-debug-types     -o CMakeFiles/cmTryCompileExec3348446242.dir/testCCompiler.c.o   -c /mnt/share/aux_av_in/hal_zjc/svn-co/source/aux_in_status_check/build/CMakeFiles/CMakeTmp/testCCompiler.c
Linking C executable cmTryCompileExec3348446242
/usr/bin/cmake -E cmake_link_script CMakeFiles/cmTryCompileExec3348446242.dir/link.txt --verbose=1
/opt/poky/1.7.3/sysroots/x86_64-pokysdk-linux/usr/bin/arm-linux-gnueabihf-gcc   -march=armv7-a -mthumb-interwork -mfloat-abi=hard -mtune=cortex-a7 --sysroot=/opt/poky/1.7.3/sysroots/cortexa7hf-vfp-poky-linux-gnueabi  -isystem/opt/poky/1.7.3/sysroots/cortexa7hf-vfp-poky-linux-gnueabi/usr/include -O2 -pipe -g -feliminate-unused-debug-types      -L/opt/poky/1.7.3/sysroots/cortexa7hf-vfp-poky-linux-gnueabi/lib -Wl,-rpath-link,/opt/poky/1.7.3/sysroots/cortexa7hf-vfp-poky-linux-gnueabi/lib -Wl,-O1 -Wl,--hash-style=gnu CMakeFiles/cmTryCompileExec3348446242.dir/testCCompiler.c.o  -o cmTryCompileExec3348446242 -rdynamic 
make[1]:正在离开目录 `/mnt/share/aux_av_in/hal_zjc/svn-co/source/aux_in_status_check/build/CMakeFiles/CMakeTmp'


Detecting C compiler ABI info compiled with the following output:
Change Dir: /mnt/share/aux_av_in/hal_zjc/svn-co/source/aux_in_status_check/build/CMakeFiles/CMakeTmp

Run Build Command:/usr/bin/make "cmTryCompileExec2474532250/fast"
/usr/bin/make -f CMakeFiles/cmTryCompileExec2474532250.dir/build.make CMakeFiles/cmTryCompileExec2474532250.dir/build
make[1]: 正在进入目录 `/mnt/share/aux_av_in/hal_zjc/svn-co/source/aux_in_status_check/build/CMakeFiles/CMakeTmp'
/usr/bin/cmake -E cmake_progress_report /mnt/share/aux_av_in/hal_zjc/svn-co/source/aux_in_status_check/build/CMakeFiles/CMakeTmp/CMakeFiles 1
Building C object CMakeFiles/cmTryCompileExec2474532250.dir/CMakeCCompilerABI.c.o
/opt/poky/1.7.3/sysroots/x86_64-pokysdk-linux/usr/bin/arm-linux-gnueabihf-gcc   -march=armv7-a -mthumb-interwork -mfloat-abi=hard -mtune=cortex-a7 --sysroot=/opt/poky/1.7.3/sysroots/cortexa7hf-vfp-poky-linux-gnueabi  -isystem/opt/poky/1.7.3/sysroots/cortexa7hf-vfp-poky-linux-gnueabi/usr/include -O2 -pipe -g -feliminate-unused-debug-types     -o CMakeFiles/cmTryCompileExec2474532250.dir/CMakeCCompilerABI.c.o   -c /usr/share/cmake-2.8/Modules/CMakeCCompilerABI.c
Linking C executable cmTryCompileExec2474532250
/usr/bin/cmake -E cmake_link_script CMakeFiles/cmTryCompileExec2474532250.dir/link.txt --verbose=1
/opt/poky/1.7.3/sysroots/x86_64-pokysdk-linux/usr/bin/arm-linux-gnueabihf-gcc   -march=armv7-a -mthumb-interwork -mfloat-abi=hard -mtune=cortex-a7 --sysroot=/opt/poky/1.7.3/sysroots/cortexa7hf-vfp-poky-linux-gnueabi  -isystem/opt/poky/1.7.3/sysroots/cortexa7hf-vfp-poky-linux-gnueabi/usr/include -O2 -pipe -g -feliminate-unused-debug-types    -v CMakeFiles/cmTryCompileExec2474532250.dir/CMakeCCompilerABI.c.o  -o cmTryCompileExec2474532250 -rdynamic  
Using built-in specs.
COLLECT_GCC=/opt/poky/1.7.3/sysroots/x86_64-pokysdk-linux/usr/bin/arm-linux-gnueabihf-gcc
COLLECT_LTO_WRAPPER=/opt/poky/1.7.3/sysroots/x86_64-pokysdk-linux/usr/bin/../libexec/gcc/arm-linux-gnueabihf/4.9.2/lto-wrapper
Target: arm-linux-gnueabihf
Configured with: /cbuild/slaves/oorts/crosstool-ng/builds/arm-linux-gnueabihf-linux/.build/src/gcc-linaro-4.9-2014.09/configure --build=i686-build_pc-linux-gnu --host=i686-build_pc-linux-gnu --target=arm-linux-gnueabihf --prefix=/cbuild/slaves/oorts/crosstool-ng/builds/arm-linux-gnueabihf-linux/install --with-sysroot=/cbuild/slaves/oorts/crosstool-ng/builds/arm-linux-gnueabihf-linux/install/arm-linux-gnueabihf/libc --enable-languages=c,c++,fortran --disable-multilib --enable-multiarch --with-arch=armv7-a --with-tune=cortex-a9 --with-fpu=vfpv3-d16 --with-float=hard --with-pkgversion='crosstool-NG linaro-1.13.1-4.9-2014.09 - Linaro GCC 4.9-2014.09' --with-bugurl=https://bugs.launchpad.net/gcc-linaro --enable-__cxa_atexit --enable-libmudflap --enable-libgomp --enable-libssp --with-gmp=/cbuild/slaves/oorts/crosstool-ng/builds/arm-linux-gnueabihf-linux/.build/arm-linux-gnueabihf/build/static --with-mpfr=/cbuild/slaves/oorts/crosstool-ng/builds/arm-linux-gnueabihf-linux/.build/arm-linux-gnueabihf/build/static --with-mpc=/cbuild/slaves/oorts/crosstool-ng/builds/arm-linux-gnueabihf-linux/.build/arm-linux-gnueabihf/build/static --with-isl=/cbuild/slaves/oorts/crosstool-ng/builds/arm-linux-gnueabihf-linux/.build/arm-linux-gnueabihf/build/static --with-cloog=/cbuild/slaves/oorts/crosstool-ng/builds/arm-linux-gnueabihf-linux/.build/arm-linux-gnueabihf/build/static --with-libelf=/cbuild/slaves/oorts/crosstool-ng/builds/arm-linux-gnueabihf-linux/.build/arm-linux-gnueabihf/build/static --enable-threads=posix --disable-libstdcxx-pch --enable-linker-build-id --enable-plugin --enable-gold --with-local-prefix=/cbuild/slaves/oorts/crosstool-ng/builds/arm-linux-gnueabihf-linux/install/arm-linux-gnueabihf/libc --enable-c99 --enable-long-long --with-mode=thumb --disable-multilib --with-float=hard
Thread model: posix
gcc version 4.9.2 20140904 (prerelease) (crosstool-NG linaro-1.13.1-4.9-2014.09 - Linaro GCC 4.9-2014.09) 
COMPILER_PATH=/opt/poky/1.7.3/sysroots/x86_64-pokysdk-linux/usr/bin/../libexec/gcc/arm-linux-gnueabihf/4.9.2/:/opt/poky/1.7.3/sysroots/x86_64-pokysdk-linux/usr/bin/../libexec/gcc/arm-linux-gnueabihf/:/opt/poky/1.7.3/sysroots/x86_64-pokysdk-linux/usr/bin/../libexec/gcc/:/opt/poky/1.7.3/sysroots/x86_64-pokysdk-linux/usr/bin/../lib/gcc/arm-linux-gnueabihf/4.9.2/../../../../arm-linux-gnueabihf/bin/
LIBRARY_PATH=/opt/poky/1.7.3/sysroots/x86_64-pokysdk-linux/usr/bin/../lib/gcc/arm-linux-gnueabihf/4.9.2/:/opt/poky/1.7.3/sysroots/x86_64-pokysdk-linux/usr/bin/../lib/gcc/arm-linux-gnueabihf/:/opt/poky/1.7.3/sysroots/x86_64-pokysdk-linux/usr/bin/../lib/gcc/:/opt/poky/1.7.3/sysroots/x86_64-pokysdk-linux/usr/bin/../lib/gcc/arm-linux-gnueabihf/4.9.2/../../../../arm-linux-gnueabihf/lib/:/opt/poky/1.7.3/sysroots/cortexa7hf-vfp-poky-linux-gnueabi/lib/arm-linux-gnueabihf/:/opt/poky/1.7.3/sysroots/cortexa7hf-vfp-poky-linux-gnueabi/lib/:/opt/poky/1.7.3/sysroots/cortexa7hf-vfp-poky-linux-gnueabi/usr/lib/arm-linux-gnueabihf/:/opt/poky/1.7.3/sysroots/cortexa7hf-vfp-poky-linux-gnueabi/usr/lib/
COLLECT_GCC_OPTIONS='-march=armv7-a' '-mthumb-interwork' '-mfloat-abi=hard' '-mtune=cortex-a7' '-isystem' '/opt/poky/1.7.3/sysroots/cortexa7hf-vfp-poky-linux-gnueabi/usr/include' '-O2' '-pipe' '-g' '-feliminate-unused-debug-types' '-v' '-o' 'cmTryCompileExec2474532250' '-rdynamic' '-mfpu=vfpv3-d16' '-mthumb' '-mtls-dialect=gnu'
 /opt/poky/1.7.3/sysroots/x86_64-pokysdk-linux/usr/bin/../libexec/gcc/arm-linux-gnueabihf/4.9.2/collect2 --sysroot=/opt/poky/1.7.3/sysroots/cortexa7hf-vfp-poky-linux-gnueabi --build-id --eh-frame-hdr -export-dynamic -dynamic-linker /lib/ld-linux-armhf.so.3 -X -m armelf_linux_eabi -o cmTryCompileExec2474532250 /opt/poky/1.7.3/sysroots/cortexa7hf-vfp-poky-linux-gnueabi/usr/lib/crt1.o /opt/poky/1.7.3/sysroots/cortexa7hf-vfp-poky-linux-gnueabi/usr/lib/crti.o /opt/poky/1.7.3/sysroots/x86_64-pokysdk-linux/usr/bin/../lib/gcc/arm-linux-gnueabihf/4.9.2/crtbegin.o -L/opt/poky/1.7.3/sysroots/x86_64-pokysdk-linux/usr/bin/../lib/gcc/arm-linux-gnueabihf/4.9.2 -L/opt/poky/1.7.3/sysroots/x86_64-pokysdk-linux/usr/bin/../lib/gcc/arm-linux-gnueabihf -L/opt/poky/1.7.3/sysroots/x86_64-pokysdk-linux/usr/bin/../lib/gcc -L/opt/poky/1.7.3/sysroots/x86_64-pokysdk-linux/usr/bin/../lib/gcc/arm-linux-gnueabihf/4.9.2/../../../../arm-linux-gnueabihf/lib -L/opt/poky/1.7.3/sysroots/cortexa7hf-vfp-poky-linux-gnueabi/lib/arm-linux-gnueabihf -L/opt/poky/1.7.3/sysroots/cortexa7hf-vfp-poky-linux-gnueabi/lib -L/opt/poky/1.7.3/sysroots/cortexa7hf-vfp-poky-linux-gnueabi/usr/lib/arm-linux-gnueabihf -L/opt/poky/1.7.3/sysroots/cortexa7hf-vfp-poky-linux-gnueabi/usr/lib CMakeFiles/cmTryCompileExec2474532250.dir/CMakeCCompilerABI.c.o -lgcc --as-needed -lgcc_s --no-as-needed -lc -lgcc --as-needed -lgcc_s --no-as-needed /opt/poky/1.7.3/sysroots/x86_64-pokysdk-linux/usr/bin/../lib/gcc/arm-linux-gnueabihf/4.9.2/crtend.o /opt/poky/1.7.3/sysroots/cortexa7hf-vfp-poky-linux-gnueabi/usr/lib/crtn.o
make[1]:正在离开目录 `/mnt/share/aux_av_in/hal_zjc/svn-co/source/aux_in_status_check/build/CMakeFiles/CMakeTmp'


Parsed C implicit link information from above output:
  link line regex: [^( *|.*[/\])(ld|([^/\]+-)?ld|collect2)[^/\]*( |$)]
  ignore line: [Change Dir: /mnt/share/aux_av_in/hal_zjc/svn-co/source/aux_in_status_check/build/CMakeFiles/CMakeTmp]
  ignore line: []
  ignore line: [Run Build Command:/usr/bin/make "cmTryCompileExec2474532250/fast"]
  ignore line: [/usr/bin/make -f CMakeFiles/cmTryCompileExec2474532250.dir/build.make CMakeFiles/cmTryCompileExec2474532250.dir/build]
  ignore line: [make[1]: 正在进入目录 `/mnt/share/aux_av_in/hal_zjc/svn-co/source/aux_in_status_check/build/CMakeFiles/CMakeTmp']
  ignore line: [/usr/bin/cmake -E cmake_progress_report /mnt/share/aux_av_in/hal_zjc/svn-co/source/aux_in_status_check/build/CMakeFiles/CMakeTmp/CMakeFiles 1]
  ignore line: [Building C object CMakeFiles/cmTryCompileExec2474532250.dir/CMakeCCompilerABI.c.o]
  ignore line: [/opt/poky/1.7.3/sysroots/x86_64-pokysdk-linux/usr/bin/arm-linux-gnueabihf-gcc   -march=armv7-a -mthumb-interwork -mfloat-abi=hard -mtune=cortex-a7 --sysroot=/opt/poky/1.7.3/sysroots/cortexa7hf-vfp-poky-linux-gnueabi  -isystem/opt/poky/1.7.3/sysroots/cortexa7hf-vfp-poky-linux-gnueabi/usr/include -O2 -pipe -g -feliminate-unused-debug-types     -o CMakeFiles/cmTryCompileExec2474532250.dir/CMakeCCompilerABI.c.o   -c /usr/share/cmake-2.8/Modules/CMakeCCompilerABI.c]
  ignore line: [Linking C executable cmTryCompileExec2474532250]
  ignore line: [/usr/bin/cmake -E cmake_link_script CMakeFiles/cmTryCompileExec2474532250.dir/link.txt --verbose=1]
  ignore line: [/opt/poky/1.7.3/sysroots/x86_64-pokysdk-linux/usr/bin/arm-linux-gnueabihf-gcc   -march=armv7-a -mthumb-interwork -mfloat-abi=hard -mtune=cortex-a7 --sysroot=/opt/poky/1.7.3/sysroots/cortexa7hf-vfp-poky-linux-gnueabi  -isystem/opt/poky/1.7.3/sysroots/cortexa7hf-vfp-poky-linux-gnueabi/usr/include -O2 -pipe -g -feliminate-unused-debug-types    -v CMakeFiles/cmTryCompileExec2474532250.dir/CMakeCCompilerABI.c.o  -o cmTryCompileExec2474532250 -rdynamic  ]
  ignore line: [Using built-in specs.]
  ignore line: [COLLECT_GCC=/opt/poky/1.7.3/sysroots/x86_64-pokysdk-linux/usr/bin/arm-linux-gnueabihf-gcc]
  ignore line: [COLLECT_LTO_WRAPPER=/opt/poky/1.7.3/sysroots/x86_64-pokysdk-linux/usr/bin/../libexec/gcc/arm-linux-gnueabihf/4.9.2/lto-wrapper]
  ignore line: [Target: arm-linux-gnueabihf]
  ignore line: [Configured with: /cbuild/slaves/oorts/crosstool-ng/builds/arm-linux-gnueabihf-linux/.build/src/gcc-linaro-4.9-2014.09/configure --build=i686-build_pc-linux-gnu --host=i686-build_pc-linux-gnu --target=arm-linux-gnueabihf --prefix=/cbuild/slaves/oorts/crosstool-ng/builds/arm-linux-gnueabihf-linux/install --with-sysroot=/cbuild/slaves/oorts/crosstool-ng/builds/arm-linux-gnueabihf-linux/install/arm-linux-gnueabihf/libc --enable-languages=c,c++,fortran --disable-multilib --enable-multiarch --with-arch=armv7-a --with-tune=cortex-a9 --with-fpu=vfpv3-d16 --with-float=hard --with-pkgversion='crosstool-NG linaro-1.13.1-4.9-2014.09 - Linaro GCC 4.9-2014.09' --with-bugurl=https://bugs.launchpad.net/gcc-linaro --enable-__cxa_atexit --enable-libmudflap --enable-libgomp --enable-libssp --with-gmp=/cbuild/slaves/oorts/crosstool-ng/builds/arm-linux-gnueabihf-linux/.build/arm-linux-gnueabihf/build/static --with-mpfr=/cbuild/slaves/oorts/crosstool-ng/builds/arm-linux-gnueabihf-linux/.build/arm-linux-gnueabihf/build/static --with-mpc=/cbuild/slaves/oorts/crosstool-ng/builds/arm-linux-gnueabihf-linux/.build/arm-linux-gnueabihf/build/static --with-isl=/cbuild/slaves/oorts/crosstool-ng/builds/arm-linux-gnueabihf-linux/.build/arm-linux-gnueabihf/build/static --with-cloog=/cbuild/slaves/oorts/crosstool-ng/builds/arm-linux-gnueabihf-linux/.build/arm-linux-gnueabihf/build/static --with-libelf=/cbuild/slaves/oorts/crosstool-ng/builds/arm-linux-gnueabihf-linux/.build/arm-linux-gnueabihf/build/static --enable-threads=posix --disable-libstdcxx-pch --enable-linker-build-id --enable-plugin --enable-gold --with-local-prefix=/cbuild/slaves/oorts/crosstool-ng/builds/arm-linux-gnueabihf-linux/install/arm-linux-gnueabihf/libc --enable-c99 --enable-long-long --with-mode=thumb --disable-multilib --with-float=hard]
  ignore line: [Thread model: posix]
  ignore line: [gcc version 4.9.2 20140904 (prerelease) (crosstool-NG linaro-1.13.1-4.9-2014.09 - Linaro GCC 4.9-2014.09) ]
  ignore line: [COMPILER_PATH=/opt/poky/1.7.3/sysroots/x86_64-pokysdk-linux/usr/bin/../libexec/gcc/arm-linux-gnueabihf/4.9.2/:/opt/poky/1.7.3/sysroots/x86_64-pokysdk-linux/usr/bin/../libexec/gcc/arm-linux-gnueabihf/:/opt/poky/1.7.3/sysroots/x86_64-pokysdk-linux/usr/bin/../libexec/gcc/:/opt/poky/1.7.3/sysroots/x86_64-pokysdk-linux/usr/bin/../lib/gcc/arm-linux-gnueabihf/4.9.2/../../../../arm-linux-gnueabihf/bin/]
  ignore line: [LIBRARY_PATH=/opt/poky/1.7.3/sysroots/x86_64-pokysdk-linux/usr/bin/../lib/gcc/arm-linux-gnueabihf/4.9.2/:/opt/poky/1.7.3/sysroots/x86_64-pokysdk-linux/usr/bin/../lib/gcc/arm-linux-gnueabihf/:/opt/poky/1.7.3/sysroots/x86_64-pokysdk-linux/usr/bin/../lib/gcc/:/opt/poky/1.7.3/sysroots/x86_64-pokysdk-linux/usr/bin/../lib/gcc/arm-linux-gnueabihf/4.9.2/../../../../arm-linux-gnueabihf/lib/:/opt/poky/1.7.3/sysroots/cortexa7hf-vfp-poky-linux-gnueabi/lib/arm-linux-gnueabihf/:/opt/poky/1.7.3/sysroots/cortexa7hf-vfp-poky-linux-gnueabi/lib/:/opt/poky/1.7.3/sysroots/cortexa7hf-vfp-poky-linux-gnueabi/usr/lib/arm-linux-gnueabihf/:/opt/poky/1.7.3/sysroots/cortexa7hf-vfp-poky-linux-gnueabi/usr/lib/]
  ignore line: [COLLECT_GCC_OPTIONS='-march=armv7-a' '-mthumb-interwork' '-mfloat-abi=hard' '-mtune=cortex-a7' '-isystem' '/opt/poky/1.7.3/sysroots/cortexa7hf-vfp-poky-linux-gnueabi/usr/include' '-O2' '-pipe' '-g' '-feliminate-unused-debug-types' '-v' '-o' 'cmTryCompileExec2474532250' '-rdynamic' '-mfpu=vfpv3-d16' '-mthumb' '-mtls-dialect=gnu']
  link line: [ /opt/poky/1.7.3/sysroots/x86_64-pokysdk-linux/usr/bin/../libexec/gcc/arm-linux-gnueabihf/4.9.2/collect2 --sysroot=/opt/poky/1.7.3/sysroots/cortexa7hf-vfp-poky-linux-gnueabi --build-id --eh-frame-hdr -export-dynamic -dynamic-linker /lib/ld-linux-armhf.so.3 -X -m armelf_linux_eabi -o cmTryCompileExec2474532250 /opt/poky/1.7.3/sysroots/cortexa7hf-vfp-poky-linux-gnueabi/usr/lib/crt1.o /opt/poky/1.7.3/sysroots/cortexa7hf-vfp-poky-linux-gnueabi/usr/lib/crti.o /opt/poky/1.7.3/sysroots/x86_64-pokysdk-linux/usr/bin/../lib/gcc/arm-linux-gnueabihf/4.9.2/crtbegin.o -L/opt/poky/1.7.3/sysroots/x86_64-pokysdk-linux/usr/bin/../lib/gcc/arm-linux-gnueabihf/4.9.2 -L/opt/poky/1.7.3/sysroots/x86_64-pokysdk-linux/usr/bin/../lib/gcc/arm-linux-gnueabihf -L/opt/poky/1.7.3/sysroots/x86_64-pokysdk-linux/usr/bin/../lib/gcc -L/opt/poky/1.7.3/sysroots/x86_64-pokysdk-linux/usr/bin/../lib/gcc/arm-linux-gnueabihf/4.9.2/../../../../arm-linux-gnueabihf/lib -L/opt/poky/1.7.3/sysroots/cortexa7hf-vfp-poky-linux-gnueabi/lib/arm-linux-gnueabihf -L/opt/poky/1.7.3/sysroots/cortexa7hf-vfp-poky-linux-gnueabi/lib -L/opt/poky/1.7.3/sysroots/cortexa7hf-vfp-poky-linux-gnueabi/usr/lib/arm-linux-gnueabihf -L/opt/poky/1.7.3/sysroots/cortexa7hf-vfp-poky-linux-gnueabi/usr/lib CMakeFiles/cmTryCompileExec2474532250.dir/CMakeCCompilerABI.c.o -lgcc --as-needed -lgcc_s --no-as-needed -lc -lgcc --as-needed -lgcc_s --no-as-needed /opt/poky/1.7.3/sysroots/x86_64-pokysdk-linux/usr/bin/../lib/gcc/arm-linux-gnueabihf/4.9.2/crtend.o /opt/poky/1.7.3/sysroots/cortexa7hf-vfp-poky-linux-gnueabi/usr/lib/crtn.o]
    arg [/opt/poky/1.7.3/sysroots/x86_64-pokysdk-linux/usr/bin/../libexec/gcc/arm-linux-gnueabihf/4.9.2/collect2] ==> ignore
    arg [--sysroot=/opt/poky/1.7.3/sysroots/cortexa7hf-vfp-poky-linux-gnueabi] ==> ignore
    arg [--build-id] ==> ignore
    arg [--eh-frame-hdr] ==> ignore
    arg [-export-dynamic] ==> ignore
    arg [-dynamic-linker] ==> ignore
    arg [/lib/ld-linux-armhf.so.3] ==> ignore
    arg [-X] ==> ignore
    arg [-m] ==> ignore
    arg [armelf_linux_eabi] ==> ignore
    arg [-o] ==> ignore
    arg [cmTryCompileExec2474532250] ==> ignore
    arg [/opt/poky/1.7.3/sysroots/cortexa7hf-vfp-poky-linux-gnueabi/usr/lib/crt1.o] ==> ignore
    arg [/opt/poky/1.7.3/sysroots/cortexa7hf-vfp-poky-linux-gnueabi/usr/lib/crti.o] ==> ignore
    arg [/opt/poky/1.7.3/sysroots/x86_64-pokysdk-linux/usr/bin/../lib/gcc/arm-linux-gnueabihf/4.9.2/crtbegin.o] ==> ignore
    arg [-L/opt/poky/1.7.3/sysroots/x86_64-pokysdk-linux/usr/bin/../lib/gcc/arm-linux-gnueabihf/4.9.2] ==> dir [/opt/poky/1.7.3/sysroots/x86_64-pokysdk-linux/usr/bin/../lib/gcc/arm-linux-gnueabihf/4.9.2]
    arg [-L/opt/poky/1.7.3/sysroots/x86_64-pokysdk-linux/usr/bin/../lib/gcc/arm-linux-gnueabihf] ==> dir [/opt/poky/1.7.3/sysroots/x86_64-pokysdk-linux/usr/bin/../lib/gcc/arm-linux-gnueabihf]
    arg [-L/opt/poky/1.7.3/sysroots/x86_64-pokysdk-linux/usr/bin/../lib/gcc] ==> dir [/opt/poky/1.7.3/sysroots/x86_64-pokysdk-linux/usr/bin/../lib/gcc]
    arg [-L/opt/poky/1.7.3/sysroots/x86_64-pokysdk-linux/usr/bin/../lib/gcc/arm-linux-gnueabihf/4.9.2/../../../../arm-linux-gnueabihf/lib] ==> dir [/opt/poky/1.7.3/sysroots/x86_64-pokysdk-linux/usr/bin/../lib/gcc/arm-linux-gnueabihf/4.9.2/../../../../arm-linux-gnueabihf/lib]
    arg [-L/opt/poky/1.7.3/sysroots/cortexa7hf-vfp-poky-linux-gnueabi/lib/arm-linux-gnueabihf] ==> dir [/opt/poky/1.7.3/sysroots/cortexa7hf-vfp-poky-linux-gnueabi/lib/arm-linux-gnueabihf]
    arg [-L/opt/poky/1.7.3/sysroots/cortexa7hf-vfp-poky-linux-gnueabi/lib] ==> dir [/opt/poky/1.7.3/sysroots/cortexa7hf-vfp-poky-linux-gnueabi/lib]
    arg [-L/opt/poky/1.7.3/sysroots/cortexa7hf-vfp-poky-linux-gnueabi/usr/lib/arm-linux-gnueabihf] ==> dir [/opt/poky/1.7.3/sysroots/cortexa7hf-vfp-poky-linux-gnueabi/usr/lib/arm-linux-gnueabihf]
    arg [-L/opt/poky/1.7.3/sysroots/cortexa7hf-vfp-poky-linux-gnueabi/usr/lib] ==> dir [/opt/poky/1.7.3/sysroots/cortexa7hf-vfp-poky-linux-gnueabi/usr/lib]
    arg [CMakeFiles/cmTryCompileExec2474532250.dir/CMakeCCompilerABI.c.o] ==> ignore
    arg [-lgcc] ==> lib [gcc]
    arg [--as-needed] ==> ignore
    arg [-lgcc_s] ==> lib [gcc_s]
    arg [--no-as-needed] ==> ignore
    arg [-lc] ==> lib [c]
    arg [-lgcc] ==> lib [gcc]
    arg [--as-needed] ==> ignore
    arg [-lgcc_s] ==> lib [gcc_s]
    arg [--no-as-needed] ==> ignore
    arg [/opt/poky/1.7.3/sysroots/x86_64-pokysdk-linux/usr/bin/../lib/gcc/arm-linux-gnueabihf/4.9.2/crtend.o] ==> ignore
    arg [/opt/poky/1.7.3/sysroots/cortexa7hf-vfp-poky-linux-gnueabi/usr/lib/crtn.o] ==> ignore
  remove lib [gcc]
  remove lib [gcc_s]
  remove lib [gcc]
  remove lib [gcc_s]
  collapse library dir [/opt/poky/1.7.3/sysroots/x86_64-pokysdk-linux/usr/bin/../lib/gcc/arm-linux-gnueabihf/4.9.2] ==> [/opt/poky/1.7.3/sysroots/x86_64-pokysdk-linux/usr/lib/gcc/arm-linux-gnueabihf/4.9.2]
  collapse library dir [/opt/poky/1.7.3/sysroots/x86_64-pokysdk-linux/usr/bin/../lib/gcc/arm-linux-gnueabihf] ==> [/opt/poky/1.7.3/sysroots/x86_64-pokysdk-linux/usr/lib/gcc/arm-linux-gnueabihf]
  collapse library dir [/opt/poky/1.7.3/sysroots/x86_64-pokysdk-linux/usr/bin/../lib/gcc] ==> [/opt/poky/1.7.3/sysroots/x86_64-pokysdk-linux/usr/lib/gcc]
  collapse library dir [/opt/poky/1.7.3/sysroots/x86_64-pokysdk-linux/usr/bin/../lib/gcc/arm-linux-gnueabihf/4.9.2/../../../../arm-linux-gnueabihf/lib] ==> [/opt/poky/1.7.3/sysroots/x86_64-pokysdk-linux/usr/arm-linux-gnueabihf/lib]
  collapse library dir [/opt/poky/1.7.3/sysroots/cortexa7hf-vfp-poky-linux-gnueabi/lib/arm-linux-gnueabihf] ==> [/opt/poky/1.7.3/sysroots/cortexa7hf-vfp-poky-linux-gnueabi/lib/arm-linux-gnueabihf]
  collapse library dir [/opt/poky/1.7.3/sysroots/cortexa7hf-vfp-poky-linux-gnueabi/lib] ==> [/opt/poky/1.7.3/sysroots/cortexa7hf-vfp-poky-linux-gnueabi/lib]
  collapse library dir [/opt/poky/1.7.3/sysroots/cortexa7hf-vfp-poky-linux-gnueabi/usr/lib/arm-linux-gnueabihf] ==> [/opt/poky/1.7.3/sysroots/cortexa7hf-vfp-poky-linux-gnueabi/usr/lib/arm-linux-gnueabihf]
  collapse library dir [/opt/poky/1.7.3/sysroots/cortexa7hf-vfp-poky-linux-gnueabi/usr/lib] ==> [/opt/poky/1.7.3/sysroots/cortexa7hf-vfp-poky-linux-gnueabi/usr/lib]
  implicit libs: [c]
  implicit dirs: [/opt/poky/1.7.3/sysroots/x86_64-pokysdk-linux/usr/lib/gcc/arm-linux-gnueabihf/4.9.2;/opt/poky/1.7.3/sysroots/x86_64-pokysdk-linux/usr/lib/gcc/arm-linux-gnueabihf;/opt/poky/1.7.3/sysroots/x86_64-pokysdk-linux/usr/lib/gcc;/opt/poky/1.7.3/sysroots/x86_64-pokysdk-linux/usr/arm-linux-gnueabihf/lib;/opt/poky/1.7.3/sysroots/cortexa7hf-vfp-poky-linux-gnueabi/lib/arm-linux-gnueabihf;/opt/poky/1.7.3/sysroots/cortexa7hf-vfp-poky-linux-gnueabi/lib;/opt/poky/1.7.3/sysroots/cortexa7hf-vfp-poky-linux-gnueabi/usr/lib/arm-linux-gnueabihf;/opt/poky/1.7.3/sysroots/cortexa7hf-vfp-poky-linux-gnueabi/usr/lib]
  implicit fwks: []


Determining if the CXX compiler works passed with the following output:
Change Dir: /mnt/share/aux_av_in/hal_zjc/svn-co/source/aux_in_status_check/build/CMakeFiles/CMakeTmp

Run Build Command:/usr/bin/make "cmTryCompileExec214735249/fast"
/usr/bin/make -f CMakeFiles/cmTryCompileExec214735249.dir/build.make CMakeFiles/cmTryCompileExec214735249.dir/build
make[1]: 正在进入目录 `/mnt/share/aux_av_in/hal_zjc/svn-co/source/aux_in_status_check/build/CMakeFiles/CMakeTmp'
/usr/bin/cmake -E cmake_progress_report /mnt/share/aux_av_in/hal_zjc/svn-co/source/aux_in_status_check/build/CMakeFiles/CMakeTmp/CMakeFiles 1
Building CXX object CMakeFiles/cmTryCompileExec214735249.dir/testCXXCompiler.cxx.o
/opt/poky/1.7.3/sysroots/x86_64-pokysdk-linux/usr/bin/arm-linux-gnueabihf-g++   -march=armv7-a -mthumb-interwork -mfloat-abi=hard -mtune=cortex-a7 --sysroot=/opt/poky/1.7.3/sysroots/cortexa7hf-vfp-poky-linux-gnueabi   -isystem/opt/poky/1.7.3/sysroots/cortexa7hf-vfp-poky-linux-gnueabi/usr/include/c++/4.9.2/arm-linux-gnueabihf -isystem/opt/poky/1.7.3/sysroots/cortexa7hf-vfp-poky-linux-gnueabi/usr/include/c++/4.9.2 -isystem/opt/poky/1.7.3/sysroots/cortexa7hf-vfp-poky-linux-gnueabi/usr/include -O2 -pipe -g -feliminate-unused-debug-types     -o CMakeFiles/cmTryCompileExec214735249.dir/testCXXCompiler.cxx.o -c /mnt/share/aux_av_in/hal_zjc/svn-co/source/aux_in_status_check/build/CMakeFiles/CMakeTmp/testCXXCompiler.cxx
Linking CXX executable cmTryCompileExec214735249
/usr/bin/cmake -E cmake_link_script CMakeFiles/cmTryCompileExec214735249.dir/link.txt --verbose=1
/opt/poky/1.7.3/sysroots/x86_64-pokysdk-linux/usr/bin/arm-linux-gnueabihf-g++   -march=armv7-a -mthumb-interwork -mfloat-abi=hard -mtune=cortex-a7 --sysroot=/opt/poky/1.7.3/sysroots/cortexa7hf-vfp-poky-linux-gnueabi   -isystem/opt/poky/1.7.3/sysroots/cortexa7hf-vfp-poky-linux-gnueabi/usr/include/c++/4.9.2/arm-linux-gnueabihf -isystem/opt/poky/1.7.3/sysroots/cortexa7hf-vfp-poky-linux-gnueabi/usr/include/c++/4.9.2 -isystem/opt/poky/1.7.3/sysroots/cortexa7hf-vfp-poky-linux-gnueabi/usr/include -O2 -pipe -g -feliminate-unused-debug-types      -L/opt/poky/1.7.3/sysroots/cortexa7hf-vfp-poky-linux-gnueabi/lib -Wl,-rpath-link,/opt/poky/1.7.3/sysroots/cortexa7hf-vfp-poky-linux-gnueabi/lib -Wl,-O1 -Wl,--hash-style=gnu CMakeFiles/cmTryCompileExec214735249.dir/testCXXCompiler.cxx.o  -o cmTryCompileExec214735249 -rdynamic 
make[1]:正在离开目录 `/mnt/share/aux_av_in/hal_zjc/svn-co/source/aux_in_status_check/build/CMakeFiles/CMakeTmp'


Detecting CXX compiler ABI info compiled with the following output:
Change Dir: /mnt/share/aux_av_in/hal_zjc/svn-co/source/aux_in_status_check/build/CMakeFiles/CMakeTmp

Run Build Command:/usr/bin/make "cmTryCompileExec4111181696/fast"
/usr/bin/make -f CMakeFiles/cmTryCompileExec4111181696.dir/build.make CMakeFiles/cmTryCompileExec4111181696.dir/build
make[1]: 正在进入目录 `/mnt/share/aux_av_in/hal_zjc/svn-co/source/aux_in_status_check/build/CMakeFiles/CMakeTmp'
/usr/bin/cmake -E cmake_progress_report /mnt/share/aux_av_in/hal_zjc/svn-co/source/aux_in_status_check/build/CMakeFiles/CMakeTmp/CMakeFiles 1
Building CXX object CMakeFiles/cmTryCompileExec4111181696.dir/CMakeCXXCompilerABI.cpp.o
/opt/poky/1.7.3/sysroots/x86_64-pokysdk-linux/usr/bin/arm-linux-gnueabihf-g++   -march=armv7-a -mthumb-interwork -mfloat-abi=hard -mtune=cortex-a7 --sysroot=/opt/poky/1.7.3/sysroots/cortexa7hf-vfp-poky-linux-gnueabi   -isystem/opt/poky/1.7.3/sysroots/cortexa7hf-vfp-poky-linux-gnueabi/usr/include/c++/4.9.2/arm-linux-gnueabihf -isystem/opt/poky/1.7.3/sysroots/cortexa7hf-vfp-poky-linux-gnueabi/usr/include/c++/4.9.2 -isystem/opt/poky/1.7.3/sysroots/cortexa7hf-vfp-poky-linux-gnueabi/usr/include -O2 -pipe -g -feliminate-unused-debug-types     -o CMakeFiles/cmTryCompileExec4111181696.dir/CMakeCXXCompilerABI.cpp.o -c /usr/share/cmake-2.8/Modules/CMakeCXXCompilerABI.cpp
Linking CXX executable cmTryCompileExec4111181696
/usr/bin/cmake -E cmake_link_script CMakeFiles/cmTryCompileExec4111181696.dir/link.txt --verbose=1
/opt/poky/1.7.3/sysroots/x86_64-pokysdk-linux/usr/bin/arm-linux-gnueabihf-g++   -march=armv7-a -mthumb-interwork -mfloat-abi=hard -mtune=cortex-a7 --sysroot=/opt/poky/1.7.3/sysroots/cortexa7hf-vfp-poky-linux-gnueabi   -isystem/opt/poky/1.7.3/sysroots/cortexa7hf-vfp-poky-linux-gnueabi/usr/include/c++/4.9.2/arm-linux-gnueabihf -isystem/opt/poky/1.7.3/sysroots/cortexa7hf-vfp-poky-linux-gnueabi/usr/include/c++/4.9.2 -isystem/opt/poky/1.7.3/sysroots/cortexa7hf-vfp-poky-linux-gnueabi/usr/include -O2 -pipe -g -feliminate-unused-debug-types    -v CMakeFiles/cmTryCompileExec4111181696.dir/CMakeCXXCompilerABI.cpp.o  -o cmTryCompileExec4111181696 -rdynamic  
Using built-in specs.
COLLECT_GCC=/opt/poky/1.7.3/sysroots/x86_64-pokysdk-linux/usr/bin/arm-linux-gnueabihf-g++
COLLECT_LTO_WRAPPER=/opt/poky/1.7.3/sysroots/x86_64-pokysdk-linux/usr/bin/../libexec/gcc/arm-linux-gnueabihf/4.9.2/lto-wrapper
Target: arm-linux-gnueabihf
Configured with: /cbuild/slaves/oorts/crosstool-ng/builds/arm-linux-gnueabihf-linux/.build/src/gcc-linaro-4.9-2014.09/configure --build=i686-build_pc-linux-gnu --host=i686-build_pc-linux-gnu --target=arm-linux-gnueabihf --prefix=/cbuild/slaves/oorts/crosstool-ng/builds/arm-linux-gnueabihf-linux/install --with-sysroot=/cbuild/slaves/oorts/crosstool-ng/builds/arm-linux-gnueabihf-linux/install/arm-linux-gnueabihf/libc --enable-languages=c,c++,fortran --disable-multilib --enable-multiarch --with-arch=armv7-a --with-tune=cortex-a9 --with-fpu=vfpv3-d16 --with-float=hard --with-pkgversion='crosstool-NG linaro-1.13.1-4.9-2014.09 - Linaro GCC 4.9-2014.09' --with-bugurl=https://bugs.launchpad.net/gcc-linaro --enable-__cxa_atexit --enable-libmudflap --enable-libgomp --enable-libssp --with-gmp=/cbuild/slaves/oorts/crosstool-ng/builds/arm-linux-gnueabihf-linux/.build/arm-linux-gnueabihf/build/static --with-mpfr=/cbuild/slaves/oorts/crosstool-ng/builds/arm-linux-gnueabihf-linux/.build/arm-linux-gnueabihf/build/static --with-mpc=/cbuild/slaves/oorts/crosstool-ng/builds/arm-linux-gnueabihf-linux/.build/arm-linux-gnueabihf/build/static --with-isl=/cbuild/slaves/oorts/crosstool-ng/builds/arm-linux-gnueabihf-linux/.build/arm-linux-gnueabihf/build/static --with-cloog=/cbuild/slaves/oorts/crosstool-ng/builds/arm-linux-gnueabihf-linux/.build/arm-linux-gnueabihf/build/static --with-libelf=/cbuild/slaves/oorts/crosstool-ng/builds/arm-linux-gnueabihf-linux/.build/arm-linux-gnueabihf/build/static --enable-threads=posix --disable-libstdcxx-pch --enable-linker-build-id --enable-plugin --enable-gold --with-local-prefix=/cbuild/slaves/oorts/crosstool-ng/builds/arm-linux-gnueabihf-linux/install/arm-linux-gnueabihf/libc --enable-c99 --enable-long-long --with-mode=thumb --disable-multilib --with-float=hard
Thread model: posix
gcc version 4.9.2 20140904 (prerelease) (crosstool-NG linaro-1.13.1-4.9-2014.09 - Linaro GCC 4.9-2014.09) 
COMPILER_PATH=/opt/poky/1.7.3/sysroots/x86_64-pokysdk-linux/usr/bin/../libexec/gcc/arm-linux-gnueabihf/4.9.2/:/opt/poky/1.7.3/sysroots/x86_64-pokysdk-linux/usr/bin/../libexec/gcc/arm-linux-gnueabihf/:/opt/poky/1.7.3/sysroots/x86_64-pokysdk-linux/usr/bin/../libexec/gcc/:/opt/poky/1.7.3/sysroots/x86_64-pokysdk-linux/usr/bin/../lib/gcc/arm-linux-gnueabihf/4.9.2/../../../../arm-linux-gnueabihf/bin/
LIBRARY_PATH=/opt/poky/1.7.3/sysroots/x86_64-pokysdk-linux/usr/bin/../lib/gcc/arm-linux-gnueabihf/4.9.2/:/opt/poky/1.7.3/sysroots/x86_64-pokysdk-linux/usr/bin/../lib/gcc/arm-linux-gnueabihf/:/opt/poky/1.7.3/sysroots/x86_64-pokysdk-linux/usr/bin/../lib/gcc/:/opt/poky/1.7.3/sysroots/x86_64-pokysdk-linux/usr/bin/../lib/gcc/arm-linux-gnueabihf/4.9.2/../../../../arm-linux-gnueabihf/lib/:/opt/poky/1.7.3/sysroots/cortexa7hf-vfp-poky-linux-gnueabi/lib/arm-linux-gnueabihf/:/opt/poky/1.7.3/sysroots/cortexa7hf-vfp-poky-linux-gnueabi/lib/:/opt/poky/1.7.3/sysroots/cortexa7hf-vfp-poky-linux-gnueabi/usr/lib/arm-linux-gnueabihf/:/opt/poky/1.7.3/sysroots/cortexa7hf-vfp-poky-linux-gnueabi/usr/lib/
COLLECT_GCC_OPTIONS='-march=armv7-a' '-mthumb-interwork' '-mfloat-abi=hard' '-mtune=cortex-a7' '-isystem' '/opt/poky/1.7.3/sysroots/cortexa7hf-vfp-poky-linux-gnueabi/usr/include/c++/4.9.2/arm-linux-gnueabihf' '-isystem' '/opt/poky/1.7.3/sysroots/cortexa7hf-vfp-poky-linux-gnueabi/usr/include/c++/4.9.2' '-isystem' '/opt/poky/1.7.3/sysroots/cortexa7hf-vfp-poky-linux-gnueabi/usr/include' '-O2' '-pipe' '-g' '-feliminate-unused-debug-types' '-v' '-o' 'cmTryCompileExec4111181696' '-rdynamic' '-shared-libgcc' '-mfpu=vfpv3-d16' '-mthumb' '-mtls-dialect=gnu'
 /opt/poky/1.7.3/sysroots/x86_64-pokysdk-linux/usr/bin/../libexec/gcc/arm-linux-gnueabihf/4.9.2/collect2 --sysroot=/opt/poky/1.7.3/sysroots/cortexa7hf-vfp-poky-linux-gnueabi --build-id --eh-frame-hdr -export-dynamic -dynamic-linker /lib/ld-linux-armhf.so.3 -X -m armelf_linux_eabi -o cmTryCompileExec4111181696 /opt/poky/1.7.3/sysroots/cortexa7hf-vfp-poky-linux-gnueabi/usr/lib/crt1.o /opt/poky/1.7.3/sysroots/cortexa7hf-vfp-poky-linux-gnueabi/usr/lib/crti.o /opt/poky/1.7.3/sysroots/x86_64-pokysdk-linux/usr/bin/../lib/gcc/arm-linux-gnueabihf/4.9.2/crtbegin.o -L/opt/poky/1.7.3/sysroots/x86_64-pokysdk-linux/usr/bin/../lib/gcc/arm-linux-gnueabihf/4.9.2 -L/opt/poky/1.7.3/sysroots/x86_64-pokysdk-linux/usr/bin/../lib/gcc/arm-linux-gnueabihf -L/opt/poky/1.7.3/sysroots/x86_64-pokysdk-linux/usr/bin/../lib/gcc -L/opt/poky/1.7.3/sysroots/x86_64-pokysdk-linux/usr/bin/../lib/gcc/arm-linux-gnueabihf/4.9.2/../../../../arm-linux-gnueabihf/lib -L/opt/poky/1.7.3/sysroots/cortexa7hf-vfp-poky-linux-gnueabi/lib/arm-linux-gnueabihf -L/opt/poky/1.7.3/sysroots/cortexa7hf-vfp-poky-linux-gnueabi/lib -L/opt/poky/1.7.3/sysroots/cortexa7hf-vfp-poky-linux-gnueabi/usr/lib/arm-linux-gnueabihf -L/opt/poky/1.7.3/sysroots/cortexa7hf-vfp-poky-linux-gnueabi/usr/lib CMakeFiles/cmTryCompileExec4111181696.dir/CMakeCXXCompilerABI.cpp.o -lstdc++ -lm -lgcc_s -lgcc -lc -lgcc_s -lgcc /opt/poky/1.7.3/sysroots/x86_64-pokysdk-linux/usr/bin/../lib/gcc/arm-linux-gnueabihf/4.9.2/crtend.o /opt/poky/1.7.3/sysroots/cortexa7hf-vfp-poky-linux-gnueabi/usr/lib/crtn.o
make[1]:正在离开目录 `/mnt/share/aux_av_in/hal_zjc/svn-co/source/aux_in_status_check/build/CMakeFiles/CMakeTmp'


Parsed CXX implicit link information from above output:
  link line regex: [^( *|.*[/\])(ld|([^/\]+-)?ld|collect2)[^/\]*( |$)]
  ignore line: [Change Dir: /mnt/share/aux_av_in/hal_zjc/svn-co/source/aux_in_status_check/build/CMakeFiles/CMakeTmp]
  ignore line: []
  ignore line: [Run Build Command:/usr/bin/make "cmTryCompileExec4111181696/fast"]
  ignore line: [/usr/bin/make -f CMakeFiles/cmTryCompileExec4111181696.dir/build.make CMakeFiles/cmTryCompileExec4111181696.dir/build]
  ignore line: [make[1]: 正在进入目录 `/mnt/share/aux_av_in/hal_zjc/svn-co/source/aux_in_status_check/build/CMakeFiles/CMakeTmp']
  ignore line: [/usr/bin/cmake -E cmake_progress_report /mnt/share/aux_av_in/hal_zjc/svn-co/source/aux_in_status_check/build/CMakeFiles/CMakeTmp/CMakeFiles 1]
  ignore line: [Building CXX object CMakeFiles/cmTryCompileExec4111181696.dir/CMakeCXXCompilerABI.cpp.o]
  ignore line: [/opt/poky/1.7.3/sysroots/x86_64-pokysdk-linux/usr/bin/arm-linux-gnueabihf-g++   -march=armv7-a -mthumb-interwork -mfloat-abi=hard -mtune=cortex-a7 --sysroot=/opt/poky/1.7.3/sysroots/cortexa7hf-vfp-poky-linux-gnueabi   -isystem/opt/poky/1.7.3/sysroots/cortexa7hf-vfp-poky-linux-gnueabi/usr/include/c++/4.9.2/arm-linux-gnueabihf -isystem/opt/poky/1.7.3/sysroots/cortexa7hf-vfp-poky-linux-gnueabi/usr/include/c++/4.9.2 -isystem/opt/poky/1.7.3/sysroots/cortexa7hf-vfp-poky-linux-gnueabi/usr/include -O2 -pipe -g -feliminate-unused-debug-types     -o CMakeFiles/cmTryCompileExec4111181696.dir/CMakeCXXCompilerABI.cpp.o -c /usr/share/cmake-2.8/Modules/CMakeCXXCompilerABI.cpp]
  ignore line: [Linking CXX executable cmTryCompileExec4111181696]
  ignore line: [/usr/bin/cmake -E cmake_link_script CMakeFiles/cmTryCompileExec4111181696.dir/link.txt --verbose=1]
  ignore line: [/opt/poky/1.7.3/sysroots/x86_64-pokysdk-linux/usr/bin/arm-linux-gnueabihf-g++   -march=armv7-a -mthumb-interwork -mfloat-abi=hard -mtune=cortex-a7 --sysroot=/opt/poky/1.7.3/sysroots/cortexa7hf-vfp-poky-linux-gnueabi   -isystem/opt/poky/1.7.3/sysroots/cortexa7hf-vfp-poky-linux-gnueabi/usr/include/c++/4.9.2/arm-linux-gnueabihf -isystem/opt/poky/1.7.3/sysroots/cortexa7hf-vfp-poky-linux-gnueabi/usr/include/c++/4.9.2 -isystem/opt/poky/1.7.3/sysroots/cortexa7hf-vfp-poky-linux-gnueabi/usr/include -O2 -pipe -g -feliminate-unused-debug-types    -v CMakeFiles/cmTryCompileExec4111181696.dir/CMakeCXXCompilerABI.cpp.o  -o cmTryCompileExec4111181696 -rdynamic  ]
  ignore line: [Using built-in specs.]
  ignore line: [COLLECT_GCC=/opt/poky/1.7.3/sysroots/x86_64-pokysdk-linux/usr/bin/arm-linux-gnueabihf-g++]
  ignore line: [COLLECT_LTO_WRAPPER=/opt/poky/1.7.3/sysroots/x86_64-pokysdk-linux/usr/bin/../libexec/gcc/arm-linux-gnueabihf/4.9.2/lto-wrapper]
  ignore line: [Target: arm-linux-gnueabihf]
  ignore line: [Configured with: /cbuild/slaves/oorts/crosstool-ng/builds/arm-linux-gnueabihf-linux/.build/src/gcc-linaro-4.9-2014.09/configure --build=i686-build_pc-linux-gnu --host=i686-build_pc-linux-gnu --target=arm-linux-gnueabihf --prefix=/cbuild/slaves/oorts/crosstool-ng/builds/arm-linux-gnueabihf-linux/install --with-sysroot=/cbuild/slaves/oorts/crosstool-ng/builds/arm-linux-gnueabihf-linux/install/arm-linux-gnueabihf/libc --enable-languages=c,c++,fortran --disable-multilib --enable-multiarch --with-arch=armv7-a --with-tune=cortex-a9 --with-fpu=vfpv3-d16 --with-float=hard --with-pkgversion='crosstool-NG linaro-1.13.1-4.9-2014.09 - Linaro GCC 4.9-2014.09' --with-bugurl=https://bugs.launchpad.net/gcc-linaro --enable-__cxa_atexit --enable-libmudflap --enable-libgomp --enable-libssp --with-gmp=/cbuild/slaves/oorts/crosstool-ng/builds/arm-linux-gnueabihf-linux/.build/arm-linux-gnueabihf/build/static --with-mpfr=/cbuild/slaves/oorts/crosstool-ng/builds/arm-linux-gnueabihf-linux/.build/arm-linux-gnueabihf/build/static --with-mpc=/cbuild/slaves/oorts/crosstool-ng/builds/arm-linux-gnueabihf-linux/.build/arm-linux-gnueabihf/build/static --with-isl=/cbuild/slaves/oorts/crosstool-ng/builds/arm-linux-gnueabihf-linux/.build/arm-linux-gnueabihf/build/static --with-cloog=/cbuild/slaves/oorts/crosstool-ng/builds/arm-linux-gnueabihf-linux/.build/arm-linux-gnueabihf/build/static --with-libelf=/cbuild/slaves/oorts/crosstool-ng/builds/arm-linux-gnueabihf-linux/.build/arm-linux-gnueabihf/build/static --enable-threads=posix --disable-libstdcxx-pch --enable-linker-build-id --enable-plugin --enable-gold --with-local-prefix=/cbuild/slaves/oorts/crosstool-ng/builds/arm-linux-gnueabihf-linux/install/arm-linux-gnueabihf/libc --enable-c99 --enable-long-long --with-mode=thumb --disable-multilib --with-float=hard]
  ignore line: [Thread model: posix]
  ignore line: [gcc version 4.9.2 20140904 (prerelease) (crosstool-NG linaro-1.13.1-4.9-2014.09 - Linaro GCC 4.9-2014.09) ]
  ignore line: [COMPILER_PATH=/opt/poky/1.7.3/sysroots/x86_64-pokysdk-linux/usr/bin/../libexec/gcc/arm-linux-gnueabihf/4.9.2/:/opt/poky/1.7.3/sysroots/x86_64-pokysdk-linux/usr/bin/../libexec/gcc/arm-linux-gnueabihf/:/opt/poky/1.7.3/sysroots/x86_64-pokysdk-linux/usr/bin/../libexec/gcc/:/opt/poky/1.7.3/sysroots/x86_64-pokysdk-linux/usr/bin/../lib/gcc/arm-linux-gnueabihf/4.9.2/../../../../arm-linux-gnueabihf/bin/]
  ignore line: [LIBRARY_PATH=/opt/poky/1.7.3/sysroots/x86_64-pokysdk-linux/usr/bin/../lib/gcc/arm-linux-gnueabihf/4.9.2/:/opt/poky/1.7.3/sysroots/x86_64-pokysdk-linux/usr/bin/../lib/gcc/arm-linux-gnueabihf/:/opt/poky/1.7.3/sysroots/x86_64-pokysdk-linux/usr/bin/../lib/gcc/:/opt/poky/1.7.3/sysroots/x86_64-pokysdk-linux/usr/bin/../lib/gcc/arm-linux-gnueabihf/4.9.2/../../../../arm-linux-gnueabihf/lib/:/opt/poky/1.7.3/sysroots/cortexa7hf-vfp-poky-linux-gnueabi/lib/arm-linux-gnueabihf/:/opt/poky/1.7.3/sysroots/cortexa7hf-vfp-poky-linux-gnueabi/lib/:/opt/poky/1.7.3/sysroots/cortexa7hf-vfp-poky-linux-gnueabi/usr/lib/arm-linux-gnueabihf/:/opt/poky/1.7.3/sysroots/cortexa7hf-vfp-poky-linux-gnueabi/usr/lib/]
  ignore line: [COLLECT_GCC_OPTIONS='-march=armv7-a' '-mthumb-interwork' '-mfloat-abi=hard' '-mtune=cortex-a7' '-isystem' '/opt/poky/1.7.3/sysroots/cortexa7hf-vfp-poky-linux-gnueabi/usr/include/c++/4.9.2/arm-linux-gnueabihf' '-isystem' '/opt/poky/1.7.3/sysroots/cortexa7hf-vfp-poky-linux-gnueabi/usr/include/c++/4.9.2' '-isystem' '/opt/poky/1.7.3/sysroots/cortexa7hf-vfp-poky-linux-gnueabi/usr/include' '-O2' '-pipe' '-g' '-feliminate-unused-debug-types' '-v' '-o' 'cmTryCompileExec4111181696' '-rdynamic' '-shared-libgcc' '-mfpu=vfpv3-d16' '-mthumb' '-mtls-dialect=gnu']
  link line: [ /opt/poky/1.7.3/sysroots/x86_64-pokysdk-linux/usr/bin/../libexec/gcc/arm-linux-gnueabihf/4.9.2/collect2 --sysroot=/opt/poky/1.7.3/sysroots/cortexa7hf-vfp-poky-linux-gnueabi --build-id --eh-frame-hdr -export-dynamic -dynamic-linker /lib/ld-linux-armhf.so.3 -X -m armelf_linux_eabi -o cmTryCompileExec4111181696 /opt/poky/1.7.3/sysroots/cortexa7hf-vfp-poky-linux-gnueabi/usr/lib/crt1.o /opt/poky/1.7.3/sysroots/cortexa7hf-vfp-poky-linux-gnueabi/usr/lib/crti.o /opt/poky/1.7.3/sysroots/x86_64-pokysdk-linux/usr/bin/../lib/gcc/arm-linux-gnueabihf/4.9.2/crtbegin.o -L/opt/poky/1.7.3/sysroots/x86_64-pokysdk-linux/usr/bin/../lib/gcc/arm-linux-gnueabihf/4.9.2 -L/opt/poky/1.7.3/sysroots/x86_64-pokysdk-linux/usr/bin/../lib/gcc/arm-linux-gnueabihf -L/opt/poky/1.7.3/sysroots/x86_64-pokysdk-linux/usr/bin/../lib/gcc -L/opt/poky/1.7.3/sysroots/x86_64-pokysdk-linux/usr/bin/../lib/gcc/arm-linux-gnueabihf/4.9.2/../../../../arm-linux-gnueabihf/lib -L/opt/poky/1.7.3/sysroots/cortexa7hf-vfp-poky-linux-gnueabi/lib/arm-linux-gnueabihf -L/opt/poky/1.7.3/sysroots/cortexa7hf-vfp-poky-linux-gnueabi/lib -L/opt/poky/1.7.3/sysroots/cortexa7hf-vfp-poky-linux-gnueabi/usr/lib/arm-linux-gnueabihf -L/opt/poky/1.7.3/sysroots/cortexa7hf-vfp-poky-linux-gnueabi/usr/lib CMakeFiles/cmTryCompileExec4111181696.dir/CMakeCXXCompilerABI.cpp.o -lstdc++ -lm -lgcc_s -lgcc -lc -lgcc_s -lgcc /opt/poky/1.7.3/sysroots/x86_64-pokysdk-linux/usr/bin/../lib/gcc/arm-linux-gnueabihf/4.9.2/crtend.o /opt/poky/1.7.3/sysroots/cortexa7hf-vfp-poky-linux-gnueabi/usr/lib/crtn.o]
    arg [/opt/poky/1.7.3/sysroots/x86_64-pokysdk-linux/usr/bin/../libexec/gcc/arm-linux-gnueabihf/4.9.2/collect2] ==> ignore
    arg [--sysroot=/opt/poky/1.7.3/sysroots/cortexa7hf-vfp-poky-linux-gnueabi] ==> ignore
    arg [--build-id] ==> ignore
    arg [--eh-frame-hdr] ==> ignore
    arg [-export-dynamic] ==> ignore
    arg [-dynamic-linker] ==> ignore
    arg [/lib/ld-linux-armhf.so.3] ==> ignore
    arg [-X] ==> ignore
    arg [-m] ==> ignore
    arg [armelf_linux_eabi] ==> ignore
    arg [-o] ==> ignore
    arg [cmTryCompileExec4111181696] ==> ignore
    arg [/opt/poky/1.7.3/sysroots/cortexa7hf-vfp-poky-linux-gnueabi/usr/lib/crt1.o] ==> ignore
    arg [/opt/poky/1.7.3/sysroots/cortexa7hf-vfp-poky-linux-gnueabi/usr/lib/crti.o] ==> ignore
    arg [/opt/poky/1.7.3/sysroots/x86_64-pokysdk-linux/usr/bin/../lib/gcc/arm-linux-gnueabihf/4.9.2/crtbegin.o] ==> ignore
    arg [-L/opt/poky/1.7.3/sysroots/x86_64-pokysdk-linux/usr/bin/../lib/gcc/arm-linux-gnueabihf/4.9.2] ==> dir [/opt/poky/1.7.3/sysroots/x86_64-pokysdk-linux/usr/bin/../lib/gcc/arm-linux-gnueabihf/4.9.2]
    arg [-L/opt/poky/1.7.3/sysroots/x86_64-pokysdk-linux/usr/bin/../lib/gcc/arm-linux-gnueabihf] ==> dir [/opt/poky/1.7.3/sysroots/x86_64-pokysdk-linux/usr/bin/../lib/gcc/arm-linux-gnueabihf]
    arg [-L/opt/poky/1.7.3/sysroots/x86_64-pokysdk-linux/usr/bin/../lib/gcc] ==> dir [/opt/poky/1.7.3/sysroots/x86_64-pokysdk-linux/usr/bin/../lib/gcc]
    arg [-L/opt/poky/1.7.3/sysroots/x86_64-pokysdk-linux/usr/bin/../lib/gcc/arm-linux-gnueabihf/4.9.2/../../../../arm-linux-gnueabihf/lib] ==> dir [/opt/poky/1.7.3/sysroots/x86_64-pokysdk-linux/usr/bin/../lib/gcc/arm-linux-gnueabihf/4.9.2/../../../../arm-linux-gnueabihf/lib]
    arg [-L/opt/poky/1.7.3/sysroots/cortexa7hf-vfp-poky-linux-gnueabi/lib/arm-linux-gnueabihf] ==> dir [/opt/poky/1.7.3/sysroots/cortexa7hf-vfp-poky-linux-gnueabi/lib/arm-linux-gnueabihf]
    arg [-L/opt/poky/1.7.3/sysroots/cortexa7hf-vfp-poky-linux-gnueabi/lib] ==> dir [/opt/poky/1.7.3/sysroots/cortexa7hf-vfp-poky-linux-gnueabi/lib]
    arg [-L/opt/poky/1.7.3/sysroots/cortexa7hf-vfp-poky-linux-gnueabi/usr/lib/arm-linux-gnueabihf] ==> dir [/opt/poky/1.7.3/sysroots/cortexa7hf-vfp-poky-linux-gnueabi/usr/lib/arm-linux-gnueabihf]
    arg [-L/opt/poky/1.7.3/sysroots/cortexa7hf-vfp-poky-linux-gnueabi/usr/lib] ==> dir [/opt/poky/1.7.3/sysroots/cortexa7hf-vfp-poky-linux-gnueabi/usr/lib]
    arg [CMakeFiles/cmTryCompileExec4111181696.dir/CMakeCXXCompilerABI.cpp.o] ==> ignore
    arg [-lstdc++] ==> lib [stdc++]
    arg [-lm] ==> lib [m]
    arg [-lgcc_s] ==> lib [gcc_s]
    arg [-lgcc] ==> lib [gcc]
    arg [-lc] ==> lib [c]
    arg [-lgcc_s] ==> lib [gcc_s]
    arg [-lgcc] ==> lib [gcc]
    arg [/opt/poky/1.7.3/sysroots/x86_64-pokysdk-linux/usr/bin/../lib/gcc/arm-linux-gnueabihf/4.9.2/crtend.o] ==> ignore
    arg [/opt/poky/1.7.3/sysroots/cortexa7hf-vfp-poky-linux-gnueabi/usr/lib/crtn.o] ==> ignore
  remove lib [gcc_s]
  remove lib [gcc]
  remove lib [gcc_s]
  remove lib [gcc]
  collapse library dir [/opt/poky/1.7.3/sysroots/x86_64-pokysdk-linux/usr/bin/../lib/gcc/arm-linux-gnueabihf/4.9.2] ==> [/opt/poky/1.7.3/sysroots/x86_64-pokysdk-linux/usr/lib/gcc/arm-linux-gnueabihf/4.9.2]
  collapse library dir [/opt/poky/1.7.3/sysroots/x86_64-pokysdk-linux/usr/bin/../lib/gcc/arm-linux-gnueabihf] ==> [/opt/poky/1.7.3/sysroots/x86_64-pokysdk-linux/usr/lib/gcc/arm-linux-gnueabihf]
  collapse library dir [/opt/poky/1.7.3/sysroots/x86_64-pokysdk-linux/usr/bin/../lib/gcc] ==> [/opt/poky/1.7.3/sysroots/x86_64-pokysdk-linux/usr/lib/gcc]
  collapse library dir [/opt/poky/1.7.3/sysroots/x86_64-pokysdk-linux/usr/bin/../lib/gcc/arm-linux-gnueabihf/4.9.2/../../../../arm-linux-gnueabihf/lib] ==> [/opt/poky/1.7.3/sysroots/x86_64-pokysdk-linux/usr/arm-linux-gnueabihf/lib]
  collapse library dir [/opt/poky/1.7.3/sysroots/cortexa7hf-vfp-poky-linux-gnueabi/lib/arm-linux-gnueabihf] ==> [/opt/poky/1.7.3/sysroots/cortexa7hf-vfp-poky-linux-gnueabi/lib/arm-linux-gnueabihf]
  collapse library dir [/opt/poky/1.7.3/sysroots/cortexa7hf-vfp-poky-linux-gnueabi/lib] ==> [/opt/poky/1.7.3/sysroots/cortexa7hf-vfp-poky-linux-gnueabi/lib]
  collapse library dir [/opt/poky/1.7.3/sysroots/cortexa7hf-vfp-poky-linux-gnueabi/usr/lib/arm-linux-gnueabihf] ==> [/opt/poky/1.7.3/sysroots/cortexa7hf-vfp-poky-linux-gnueabi/usr/lib/arm-linux-gnueabihf]
  collapse library dir [/opt/poky/1.7.3/sysroots/cortexa7hf-vfp-poky-linux-gnueabi/usr/lib] ==> [/opt/poky/1.7.3/sysroots/cortexa7hf-vfp-poky-linux-gnueabi/usr/lib]
  implicit libs: [stdc++;m;c]
  implicit dirs: [/opt/poky/1.7.3/sysroots/x86_64-pokysdk-linux/usr/lib/gcc/arm-linux-gnueabihf/4.9.2;/opt/poky/1.7.3/sysroots/x86_64-pokysdk-linux/usr/lib/gcc/arm-linux-gnueabihf;/opt/poky/1.7.3/sysroots/x86_64-pokysdk-linux/usr/lib/gcc;/opt/poky/1.7.3/sysroots/x86_64-pokysdk-linux/usr/arm-linux-gnueabihf/lib;/opt/poky/1.7.3/sysroots/cortexa7hf-vfp-poky-linux-gnueabi/lib/arm-linux-gnueabihf;/opt/poky/1.7.3/sysroots/cortexa7hf-vfp-poky-linux-gnueabi/lib;/opt/poky/1.7.3/sysroots/cortexa7hf-vfp-poky-linux-gnueabi/usr/lib/arm-linux-gnueabihf;/opt/poky/1.7.3/sysroots/cortexa7hf-vfp-poky-linux-gnueabi/usr/lib]
  implicit fwks: []


